Spark Command: /usr/lib/jvm/java-8-openjdk-amd64/jre/bin/java -cp /opt/spark-2.3.4-bin-hadoop2.7/conf/:/opt/spark-2.3.4-bin-hadoop2.7/jars/* -Xmx1g org.apache.spark.deploy.master.Master --host 7f557ef0f0ea --port 7077 --webui-port 8080
========================================
2021-06-03 11:02:42 INFO  Master:2612 - Started daemon with process name: 1566@7f557ef0f0ea
2021-06-03 11:02:42 INFO  SignalUtils:54 - Registered signal handler for TERM
2021-06-03 11:02:42 INFO  SignalUtils:54 - Registered signal handler for HUP
2021-06-03 11:02:42 INFO  SignalUtils:54 - Registered signal handler for INT
2021-06-03 11:02:46 WARN  NativeCodeLoader:62 - Unable to load native-hadoop library for your platform... using builtin-java classes where applicable
2021-06-03 11:02:46 INFO  SecurityManager:54 - Changing view acls to: root
2021-06-03 11:02:46 INFO  SecurityManager:54 - Changing modify acls to: root
2021-06-03 11:02:46 INFO  SecurityManager:54 - Changing view acls groups to: 
2021-06-03 11:02:46 INFO  SecurityManager:54 - Changing modify acls groups to: 
2021-06-03 11:02:46 INFO  SecurityManager:54 - SecurityManager: authentication disabled; ui acls disabled; users  with view permissions: Set(root); groups with view permissions: Set(); users  with modify permissions: Set(root); groups with modify permissions: Set()
2021-06-03 11:02:47 INFO  Utils:54 - Successfully started service 'sparkMaster' on port 7077.
2021-06-03 11:02:48 INFO  Master:54 - Starting Spark master at spark://7f557ef0f0ea:7077
2021-06-03 11:02:48 INFO  Master:54 - Running Spark version 2.3.4
2021-06-03 11:02:48 INFO  log:192 - Logging initialized @15142ms
2021-06-03 11:02:48 INFO  Server:351 - jetty-9.3.z-SNAPSHOT, build timestamp: unknown, git hash: unknown
2021-06-03 11:02:48 INFO  Server:419 - Started @15411ms
2021-06-03 11:02:49 INFO  AbstractConnector:278 - Started ServerConnector@49f89499{HTTP/1.1,[http/1.1]}{0.0.0.0:8080}
2021-06-03 11:02:49 INFO  Utils:54 - Successfully started service 'MasterUI' on port 8080.
2021-06-03 11:02:49 INFO  ContextHandler:781 - Started o.s.j.s.ServletContextHandler@5f6c43c1{/app,null,AVAILABLE,@Spark}
2021-06-03 11:02:49 INFO  ContextHandler:781 - Started o.s.j.s.ServletContextHandler@72f4243f{/app/json,null,AVAILABLE,@Spark}
2021-06-03 11:02:49 INFO  ContextHandler:781 - Started o.s.j.s.ServletContextHandler@504b695{/,null,AVAILABLE,@Spark}
2021-06-03 11:02:49 INFO  ContextHandler:781 - Started o.s.j.s.ServletContextHandler@cef4a10{/json,null,AVAILABLE,@Spark}
2021-06-03 11:02:49 INFO  ContextHandler:781 - Started o.s.j.s.ServletContextHandler@5fe9426e{/static,null,AVAILABLE,@Spark}
2021-06-03 11:02:49 INFO  ContextHandler:781 - Started o.s.j.s.ServletContextHandler@5fc3ff17{/app/kill,null,AVAILABLE,@Spark}
2021-06-03 11:02:49 INFO  ContextHandler:781 - Started o.s.j.s.ServletContextHandler@62a9b3d6{/driver/kill,null,AVAILABLE,@Spark}
2021-06-03 11:02:49 INFO  MasterWebUI:54 - Bound MasterWebUI to 0.0.0.0, and started at http://7f557ef0f0ea:8080
2021-06-03 11:02:49 INFO  Server:351 - jetty-9.3.z-SNAPSHOT, build timestamp: unknown, git hash: unknown
2021-06-03 11:02:49 INFO  ContextHandler:781 - Started o.s.j.s.ServletContextHandler@1edac4b0{/,null,AVAILABLE}
2021-06-03 11:02:49 INFO  AbstractConnector:278 - Started ServerConnector@e131464{HTTP/1.1,[http/1.1]}{7f557ef0f0ea:6066}
2021-06-03 11:02:49 INFO  Server:419 - Started @16024ms
2021-06-03 11:02:49 INFO  Utils:54 - Successfully started service on port 6066.
2021-06-03 11:02:49 INFO  StandaloneRestServer:54 - Started REST server for submitting applications on port 6066
2021-06-03 11:02:50 INFO  ContextHandler:781 - Started o.s.j.s.ServletContextHandler@365acc76{/metrics/master/json,null,AVAILABLE,@Spark}
2021-06-03 11:02:50 INFO  ContextHandler:781 - Started o.s.j.s.ServletContextHandler@5696df69{/metrics/applications/json,null,AVAILABLE,@Spark}
2021-06-03 11:02:50 INFO  Master:54 - I have been elected leader! New state: ALIVE
2021-06-03 11:04:42 INFO  Master:54 - Registering worker 172.18.0.2:41459 with 2 cores, 6.3 GB RAM
