Spark Command: /usr/lib/jvm/java-8-openjdk-amd64/jre/bin/java -cp /opt/spark-2.3.4-bin-hadoop2.7/conf/:/opt/spark-2.3.4-bin-hadoop2.7/jars/* -Xmx1g org.apache.spark.deploy.master.Master --host 40462247ece3 --port 7077 --webui-port 8080
========================================
2021-06-03 03:33:53 INFO  Master:2612 - Started daemon with process name: 12864@40462247ece3
2021-06-03 03:33:53 INFO  SignalUtils:54 - Registered signal handler for TERM
2021-06-03 03:33:53 INFO  SignalUtils:54 - Registered signal handler for HUP
2021-06-03 03:33:53 INFO  SignalUtils:54 - Registered signal handler for INT
2021-06-03 03:33:54 WARN  NativeCodeLoader:62 - Unable to load native-hadoop library for your platform... using builtin-java classes where applicable
2021-06-03 03:33:54 INFO  SecurityManager:54 - Changing view acls to: root
2021-06-03 03:33:54 INFO  SecurityManager:54 - Changing modify acls to: root
2021-06-03 03:33:54 INFO  SecurityManager:54 - Changing view acls groups to: 
2021-06-03 03:33:54 INFO  SecurityManager:54 - Changing modify acls groups to: 
2021-06-03 03:33:54 INFO  SecurityManager:54 - SecurityManager: authentication disabled; ui acls disabled; users  with view permissions: Set(root); groups with view permissions: Set(); users  with modify permissions: Set(root); groups with modify permissions: Set()
2021-06-03 03:33:55 INFO  Utils:54 - Successfully started service 'sparkMaster' on port 7077.
2021-06-03 03:33:55 INFO  Master:54 - Starting Spark master at spark://40462247ece3:7077
2021-06-03 03:33:55 INFO  Master:54 - Running Spark version 2.3.4
2021-06-03 03:33:55 INFO  log:192 - Logging initialized @4299ms
2021-06-03 03:33:56 INFO  Server:351 - jetty-9.3.z-SNAPSHOT, build timestamp: unknown, git hash: unknown
2021-06-03 03:33:56 INFO  Server:419 - Started @4509ms
2021-06-03 03:33:56 INFO  AbstractConnector:278 - Started ServerConnector@1b8e2e26{HTTP/1.1,[http/1.1]}{0.0.0.0:8080}
2021-06-03 03:33:56 INFO  Utils:54 - Successfully started service 'MasterUI' on port 8080.
2021-06-03 03:33:56 INFO  ContextHandler:781 - Started o.s.j.s.ServletContextHandler@458b53e8{/app,null,AVAILABLE,@Spark}
2021-06-03 03:33:56 INFO  ContextHandler:781 - Started o.s.j.s.ServletContextHandler@7a8ae74e{/app/json,null,AVAILABLE,@Spark}
2021-06-03 03:33:56 INFO  ContextHandler:781 - Started o.s.j.s.ServletContextHandler@34669e18{/,null,AVAILABLE,@Spark}
2021-06-03 03:33:56 INFO  ContextHandler:781 - Started o.s.j.s.ServletContextHandler@75f7cba{/json,null,AVAILABLE,@Spark}
2021-06-03 03:33:56 INFO  ContextHandler:781 - Started o.s.j.s.ServletContextHandler@2a425b88{/static,null,AVAILABLE,@Spark}
2021-06-03 03:33:56 INFO  ContextHandler:781 - Started o.s.j.s.ServletContextHandler@6b47b352{/app/kill,null,AVAILABLE,@Spark}
2021-06-03 03:33:56 INFO  ContextHandler:781 - Started o.s.j.s.ServletContextHandler@19114457{/driver/kill,null,AVAILABLE,@Spark}
2021-06-03 03:33:56 INFO  MasterWebUI:54 - Bound MasterWebUI to 0.0.0.0, and started at http://40462247ece3:8080
2021-06-03 03:33:56 INFO  Server:351 - jetty-9.3.z-SNAPSHOT, build timestamp: unknown, git hash: unknown
2021-06-03 03:33:56 INFO  ContextHandler:781 - Started o.s.j.s.ServletContextHandler@243ebc5c{/,null,AVAILABLE}
2021-06-03 03:33:56 INFO  AbstractConnector:278 - Started ServerConnector@78628ead{HTTP/1.1,[http/1.1]}{40462247ece3:6066}
2021-06-03 03:33:56 INFO  Server:419 - Started @4885ms
2021-06-03 03:33:56 INFO  Utils:54 - Successfully started service on port 6066.
2021-06-03 03:33:56 INFO  StandaloneRestServer:54 - Started REST server for submitting applications on port 6066
2021-06-03 03:33:56 INFO  ContextHandler:781 - Started o.s.j.s.ServletContextHandler@22b7baa4{/metrics/master/json,null,AVAILABLE,@Spark}
2021-06-03 03:33:56 INFO  ContextHandler:781 - Started o.s.j.s.ServletContextHandler@45101e42{/metrics/applications/json,null,AVAILABLE,@Spark}
2021-06-03 03:33:56 INFO  Master:54 - I have been elected leader! New state: ALIVE
2021-06-03 03:47:37 INFO  Master:54 - Registering worker 172.18.0.2:44011 with 2 cores, 6.3 GB RAM
