Spark Command: /usr/lib/jvm/java-8-openjdk-amd64/jre/bin/java -cp /opt/spark-2.3.4-bin-hadoop2.7/conf/:/opt/spark-2.3.4-bin-hadoop2.7/jars/* -Xmx1g org.apache.spark.deploy.worker.Worker --webui-port 8081 spark://5e2667b5d7bb:7077
========================================
2021-06-03 07:12:31 INFO  Worker:2612 - Started daemon with process name: 109@5e2667b5d7bb
2021-06-03 07:12:31 INFO  SignalUtils:54 - Registered signal handler for TERM
2021-06-03 07:12:31 INFO  SignalUtils:54 - Registered signal handler for HUP
2021-06-03 07:12:31 INFO  SignalUtils:54 - Registered signal handler for INT
2021-06-03 07:12:32 WARN  NativeCodeLoader:62 - Unable to load native-hadoop library for your platform... using builtin-java classes where applicable
2021-06-03 07:12:32 INFO  SecurityManager:54 - Changing view acls to: root
2021-06-03 07:12:32 INFO  SecurityManager:54 - Changing modify acls to: root
2021-06-03 07:12:32 INFO  SecurityManager:54 - Changing view acls groups to: 
2021-06-03 07:12:32 INFO  SecurityManager:54 - Changing modify acls groups to: 
2021-06-03 07:12:32 INFO  SecurityManager:54 - SecurityManager: authentication disabled; ui acls disabled; users  with view permissions: Set(root); groups with view permissions: Set(); users  with modify permissions: Set(root); groups with modify permissions: Set()
2021-06-03 07:12:33 INFO  Utils:54 - Successfully started service 'sparkWorker' on port 40271.
2021-06-03 07:12:33 INFO  Worker:54 - Starting Spark worker 172.18.0.2:40271 with 2 cores, 6.3 GB RAM
2021-06-03 07:12:33 INFO  Worker:54 - Running Spark version 2.3.4
2021-06-03 07:12:33 INFO  Worker:54 - Spark home: /opt/spark-2.3.4-bin-hadoop2.7
2021-06-03 07:12:33 INFO  log:192 - Logging initialized @4135ms
2021-06-03 07:12:33 INFO  Server:351 - jetty-9.3.z-SNAPSHOT, build timestamp: unknown, git hash: unknown
2021-06-03 07:12:33 INFO  Server:419 - Started @4263ms
2021-06-03 07:12:33 INFO  AbstractConnector:278 - Started ServerConnector@57bac26b{HTTP/1.1,[http/1.1]}{0.0.0.0:8081}
2021-06-03 07:12:33 INFO  Utils:54 - Successfully started service 'WorkerUI' on port 8081.
2021-06-03 07:12:34 INFO  ContextHandler:781 - Started o.s.j.s.ServletContextHandler@78b2a905{/logPage,null,AVAILABLE,@Spark}
2021-06-03 07:12:34 INFO  ContextHandler:781 - Started o.s.j.s.ServletContextHandler@54d59088{/logPage/json,null,AVAILABLE,@Spark}
2021-06-03 07:12:34 INFO  ContextHandler:781 - Started o.s.j.s.ServletContextHandler@40ea1112{/,null,AVAILABLE,@Spark}
2021-06-03 07:12:34 INFO  ContextHandler:781 - Started o.s.j.s.ServletContextHandler@4d0b6b91{/json,null,AVAILABLE,@Spark}
2021-06-03 07:12:34 INFO  ContextHandler:781 - Started o.s.j.s.ServletContextHandler@35a2f368{/static,null,AVAILABLE,@Spark}
2021-06-03 07:12:34 INFO  ContextHandler:781 - Started o.s.j.s.ServletContextHandler@2f68c29a{/log,null,AVAILABLE,@Spark}
2021-06-03 07:12:34 INFO  WorkerWebUI:54 - Bound WorkerWebUI to 0.0.0.0, and started at http://5e2667b5d7bb:8081
2021-06-03 07:12:34 INFO  Worker:54 - Connecting to master 5e2667b5d7bb:7077...
2021-06-03 07:12:34 INFO  ContextHandler:781 - Started o.s.j.s.ServletContextHandler@4de455c5{/metrics/json,null,AVAILABLE,@Spark}
2021-06-03 07:12:34 INFO  TransportClientFactory:267 - Successfully created connection to 5e2667b5d7bb/172.18.0.2:7077 after 149 ms (0 ms spent in bootstraps)
2021-06-03 07:12:34 INFO  Worker:54 - Successfully registered with master spark://5e2667b5d7bb:7077
