Spark Command: /usr/lib/jvm/java-8-openjdk-amd64/jre/bin/java -cp /opt/spark-2.3.4-bin-hadoop2.7/conf/:/opt/spark-2.3.4-bin-hadoop2.7/jars/* -Xmx1g org.apache.spark.deploy.master.Master --host 2c29855594b7 --port 7077 --webui-port 8080
========================================
2021-06-03 10:31:51 INFO  Master:2612 - Started daemon with process name: 1737@2c29855594b7
2021-06-03 10:31:51 INFO  SignalUtils:54 - Registered signal handler for TERM
2021-06-03 10:31:51 INFO  SignalUtils:54 - Registered signal handler for HUP
2021-06-03 10:31:51 INFO  SignalUtils:54 - Registered signal handler for INT
2021-06-03 10:31:53 WARN  NativeCodeLoader:62 - Unable to load native-hadoop library for your platform... using builtin-java classes where applicable
2021-06-03 10:31:53 INFO  SecurityManager:54 - Changing view acls to: root
2021-06-03 10:31:53 INFO  SecurityManager:54 - Changing modify acls to: root
2021-06-03 10:31:53 INFO  SecurityManager:54 - Changing view acls groups to: 
2021-06-03 10:31:53 INFO  SecurityManager:54 - Changing modify acls groups to: 
2021-06-03 10:31:53 INFO  SecurityManager:54 - SecurityManager: authentication disabled; ui acls disabled; users  with view permissions: Set(root); groups with view permissions: Set(); users  with modify permissions: Set(root); groups with modify permissions: Set()
2021-06-03 10:31:54 INFO  Utils:54 - Successfully started service 'sparkMaster' on port 7077.
2021-06-03 10:31:55 INFO  Master:54 - Starting Spark master at spark://2c29855594b7:7077
2021-06-03 10:31:55 INFO  Master:54 - Running Spark version 2.3.4
2021-06-03 10:31:55 INFO  log:192 - Logging initialized @6055ms
2021-06-03 10:31:55 INFO  Server:351 - jetty-9.3.z-SNAPSHOT, build timestamp: unknown, git hash: unknown
2021-06-03 10:31:55 INFO  Server:419 - Started @6290ms
2021-06-03 10:31:55 INFO  AbstractConnector:278 - Started ServerConnector@1458c1a6{HTTP/1.1,[http/1.1]}{0.0.0.0:8080}
2021-06-03 10:31:55 INFO  Utils:54 - Successfully started service 'MasterUI' on port 8080.
2021-06-03 10:31:56 INFO  ContextHandler:781 - Started o.s.j.s.ServletContextHandler@599e29e{/app,null,AVAILABLE,@Spark}
2021-06-03 10:31:56 INFO  ContextHandler:781 - Started o.s.j.s.ServletContextHandler@409e292e{/app/json,null,AVAILABLE,@Spark}
2021-06-03 10:31:56 INFO  ContextHandler:781 - Started o.s.j.s.ServletContextHandler@47105619{/,null,AVAILABLE,@Spark}
2021-06-03 10:31:56 INFO  ContextHandler:781 - Started o.s.j.s.ServletContextHandler@7e88d01b{/json,null,AVAILABLE,@Spark}
2021-06-03 10:31:56 INFO  ContextHandler:781 - Started o.s.j.s.ServletContextHandler@4fee41bd{/static,null,AVAILABLE,@Spark}
2021-06-03 10:31:56 INFO  ContextHandler:781 - Started o.s.j.s.ServletContextHandler@4fefe934{/app/kill,null,AVAILABLE,@Spark}
2021-06-03 10:31:56 INFO  ContextHandler:781 - Started o.s.j.s.ServletContextHandler@75c2c304{/driver/kill,null,AVAILABLE,@Spark}
2021-06-03 10:31:56 INFO  MasterWebUI:54 - Bound MasterWebUI to 0.0.0.0, and started at http://2c29855594b7:8080
2021-06-03 10:31:56 INFO  Server:351 - jetty-9.3.z-SNAPSHOT, build timestamp: unknown, git hash: unknown
2021-06-03 10:31:56 INFO  ContextHandler:781 - Started o.s.j.s.ServletContextHandler@7798e746{/,null,AVAILABLE}
2021-06-03 10:31:56 INFO  AbstractConnector:278 - Started ServerConnector@39f8e135{HTTP/1.1,[http/1.1]}{2c29855594b7:6066}
2021-06-03 10:31:56 INFO  Server:419 - Started @6779ms
2021-06-03 10:31:56 INFO  Utils:54 - Successfully started service on port 6066.
2021-06-03 10:31:56 INFO  StandaloneRestServer:54 - Started REST server for submitting applications on port 6066
2021-06-03 10:31:56 INFO  ContextHandler:781 - Started o.s.j.s.ServletContextHandler@c865138{/metrics/master/json,null,AVAILABLE,@Spark}
2021-06-03 10:31:56 INFO  ContextHandler:781 - Started o.s.j.s.ServletContextHandler@2a9025e5{/metrics/applications/json,null,AVAILABLE,@Spark}
2021-06-03 10:31:56 INFO  Master:54 - I have been elected leader! New state: ALIVE
2021-06-03 10:32:58 INFO  Master:54 - Registering worker 172.18.0.2:46549 with 2 cores, 6.3 GB RAM
